This file contains any messages produced by compilers while
running configure, to aid debugging if configure makes a mistake.

It was created by edge configure 2.9.0, which was
generated by GNU Autoconf 2.69.  Invocation command line was

  $ ./configure 

## --------- ##
## Platform. ##
## --------- ##

hostname = yosef
uname -m = x86_64
uname -r = 5.10.0-0.bpo.5-amd64
uname -s = Linux
uname -v = #1 SMP Debian 5.10.24-1~bpo10+1 (2021-03-29)

/usr/bin/uname -p = unknown
/bin/uname -X     = unknown

/bin/arch              = x86_64
/usr/bin/arch -k       = unknown
/usr/convex/getsysinfo = unknown
/usr/bin/hostinfo      = unknown
/bin/machine           = unknown
/usr/bin/oslevel       = unknown
/bin/universe          = unknown

PATH: /root/install/go/bin
PATH: /home/damo/go/bin
PATH: /home/damo/Android/Sdk/ndk-bundle
PATH: /home/damo/Android/Sdk/ndk-bundle
PATH: /usr/local/bin
PATH: /usr/bin
PATH: /bin
PATH: /usr/local/games
PATH: /usr/games
PATH: /home/damo/.cargo/bin
PATH: /root/install/maven/bin
PATH: /root/install/node/bin
PATH: /root/install/luarocks/bin
PATH: /root/install/flutter/bin
PATH: /root/install/flutter/bin/cache/dart-sdk/bin
PATH: /home/damo/.pub-cache/bin
PATH: /home/damo/install/flutter/bin/
PATH: /home/damo/Android/Sdk/tools
PATH: /home/damo/Android/Sdk/platform-tools
PATH: /home/damo/.yarn/bin
PATH: /home/damo/.local/bin
PATH: /root/install/node/bin
PATH: /root/install/go
PATH: /home/damo/go
PATH: /home/damo/go/bin
PATH: /root/install/go/bin
PATH: /usr/local/nginx/sbin
PATH: /root/install/depot_tools
PATH: /home/damo/.meteor
PATH: /root/install/gradle-6.5/bin
PATH: /usr/bin/
PATH: /home/damo/.ghcup/bin
PATH: /home/damo/.cargo/bin
PATH: /root/install/maven/bin
PATH: /root/install/node/bin
PATH: /root/install/luarocks/bin
PATH: /root/install/flutter/bin
PATH: /root/install/flutter/bin/cache/dart-sdk/bin
PATH: /home/damo/.pub-cache/bin
PATH: /home/damo/install/flutter/bin/
PATH: /home/damo/Android/Sdk/tools
PATH: /home/damo/Android/Sdk/platform-tools
PATH: /home/damo/.yarn/bin
PATH: /home/damo/.local/bin
PATH: /root/install/node/bin
PATH: /root/install/go
PATH: /home/damo/go
PATH: /home/damo/go/bin
PATH: /root/install/go/bin
PATH: /usr/local/nginx/sbin
PATH: /root/install/depot_tools
PATH: /home/damo/.meteor
PATH: /root/install/gradle-6.5/bin
PATH: /usr/bin/
PATH: /home/damo/.ghcup/bin


## ----------- ##
## Core tests. ##
## ----------- ##

configure:1865: checking for gcc
configure:1892: result: gcc
configure:2121: checking for C compiler version
configure:2130: gcc --version >&5
gcc (Debian 8.3.0-6) 8.3.0
Copyright (C) 2018 Free Software Foundation, Inc.
This is free software; see the source for copying conditions.  There is NO
warranty; not even for MERCHANTABILITY or FITNESS FOR A PARTICULAR PURPOSE.

configure:2141: $? = 0
configure:2130: gcc -v >&5
Using built-in specs.
COLLECT_GCC=gcc
COLLECT_LTO_WRAPPER=/usr/lib/gcc/x86_64-linux-gnu/8/lto-wrapper
OFFLOAD_TARGET_NAMES=nvptx-none
OFFLOAD_TARGET_DEFAULT=1
Target: x86_64-linux-gnu
Configured with: ../src/configure -v --with-pkgversion='Debian 8.3.0-6' --with-bugurl=file:///usr/share/doc/gcc-8/README.Bugs --enable-languages=c,ada,c++,go,brig,d,fortran,objc,obj-c++ --prefix=/usr --with-gcc-major-version-only --program-suffix=-8 --program-prefix=x86_64-linux-gnu- --enable-shared --enable-linker-build-id --libexecdir=/usr/lib --without-included-gettext --enable-threads=posix --libdir=/usr/lib --enable-nls --enable-bootstrap --enable-clocale=gnu --enable-libstdcxx-debug --enable-libstdcxx-time=yes --with-default-libstdcxx-abi=new --enable-gnu-unique-object --disable-vtable-verify --enable-libmpx --enable-plugin --enable-default-pie --with-system-zlib --with-target-system-zlib --enable-objc-gc=auto --enable-multiarch --disable-werror --with-arch-32=i686 --with-abi=m64 --with-multilib-list=m32,m64,mx32 --enable-multilib --with-tune=generic --enable-offload-targets=nvptx-none --without-cuda-driver --enable-checking=release --build=x86_64-linux-gnu --host=x86_64-linux-gnu --target=x86_64-linux-gnu
Thread model: posix
gcc version 8.3.0 (Debian 8.3.0-6) 
configure:2141: $? = 0
configure:2130: gcc -V >&5
gcc: error: unrecognized command line option '-V'
gcc: fatal error: no input files
compilation terminated.
configure:2141: $? = 1
configure:2130: gcc -qversion >&5
gcc: error: unrecognized command line option '-qversion'; did you mean '--version'?
gcc: fatal error: no input files
compilation terminated.
configure:2141: $? = 1
configure:2161: checking whether the C compiler works
configure:2183: gcc    conftest.c  >&5
configure:2187: $? = 0
configure:2235: result: yes
configure:2238: checking for C compiler default output file name
configure:2240: result: a.out
configure:2246: checking for suffix of executables
configure:2253: gcc -o conftest    conftest.c  >&5
configure:2257: $? = 0
configure:2279: result: 
configure:2301: checking whether we are cross compiling
configure:2309: gcc -o conftest    conftest.c  >&5
configure:2313: $? = 0
configure:2320: ./conftest
configure:2324: $? = 0
configure:2312: result: no
configure:2317: checking for suffix of object files
configure:2339: gcc -c   conftest.c >&5
configure:2343: $? = 0
configure:2364: result: o
configure:2368: checking whether we are using the GNU C compiler
configure:2387: gcc -c   conftest.c >&5
configure:2387: $? = 0
configure:2396: result: yes
configure:2405: checking whether gcc accepts -g
configure:2425: gcc -c -g  conftest.c >&5
configure:2425: $? = 0
configure:2466: result: yes
configure:2483: checking for gcc option to accept ISO C89
configure:2546: gcc  -c -g -O2  conftest.c >&5
configure:2546: $? = 0
configure:2559: result: none needed
configure:2729: checking for pcap_open_live in -lpcap
configure:2754: gcc -o conftest -g -O2   conftest.c -lpcap   >&5
/usr/bin/ld: cannot find -lpcap
collect2: error: ld returned 1 exit status
configure:2754: $? = 1
configure: failed program was:
| /* confdefs.h */
| #define PACKAGE_NAME "edge"
| #define PACKAGE_TARNAME "edge"
| #define PACKAGE_VERSION "2.9.0"
| #define PACKAGE_STRING "edge 2.9.0"
| #define PACKAGE_BUGREPORT ""
| #define PACKAGE_URL ""
| /* end confdefs.h.  */
| 
| /* Override any GCC internal prototype to avoid an error.
|    Use char because int might match the return type of a GCC
|    builtin and then its argument prototype would still apply.  */
| #ifdef __cplusplus
| extern "C"
| #endif
| char pcap_open_live ();
| int
| main ()
| {
| return pcap_open_live ();
|   ;
|   return 0;
| }
configure:2763: result: no
configure:2777: checking for pcap_set_immediate_mode in -lpcap
configure:2802: gcc -o conftest -g -O2   conftest.c -lpcap   >&5
/usr/bin/ld: cannot find -lpcap
collect2: error: ld returned 1 exit status
configure:2802: $? = 1
configure: failed program was:
| /* confdefs.h */
| #define PACKAGE_NAME "edge"
| #define PACKAGE_TARNAME "edge"
| #define PACKAGE_VERSION "2.9.0"
| #define PACKAGE_STRING "edge 2.9.0"
| #define PACKAGE_BUGREPORT ""
| #define PACKAGE_URL ""
| /* end confdefs.h.  */
| 
| /* Override any GCC internal prototype to avoid an error.
|    Use char because int might match the return type of a GCC
|    builtin and then its argument prototype would still apply.  */
| #ifdef __cplusplus
| extern "C"
| #endif
| char pcap_set_immediate_mode ();
| int
| main ()
| {
| return pcap_set_immediate_mode ();
|   ;
|   return 0;
| }
configure:2811: result: no
configure:2824: checking for cap_get_proc in -lcap
configure:2849: gcc -o conftest -g -O2   conftest.c -lcap   >&5
/usr/bin/ld: cannot find -lcap
collect2: error: ld returned 1 exit status
configure:2849: $? = 1
configure: failed program was:
| /* confdefs.h */
| #define PACKAGE_NAME "edge"
| #define PACKAGE_TARNAME "edge"
| #define PACKAGE_VERSION "2.9.0"
| #define PACKAGE_STRING "edge 2.9.0"
| #define PACKAGE_BUGREPORT ""
| #define PACKAGE_URL ""
| /* end confdefs.h.  */
| 
| /* Override any GCC internal prototype to avoid an error.
|    Use char because int might match the return type of a GCC
|    builtin and then its argument prototype would still apply.  */
| #ifdef __cplusplus
| extern "C"
| #endif
| char cap_get_proc ();
| int
| main ()
| {
| return cap_get_proc ();
|   ;
|   return 0;
| }
configure:2858: result: no
configure:3032: creating ./config.status

## ---------------------- ##
## Running config.status. ##
## ---------------------- ##

This file was extended by edge config.status 2.9.0, which was
generated by GNU Autoconf 2.69.  Invocation command line was

  CONFIG_FILES    = 
  CONFIG_HEADERS  = 
  CONFIG_LINKS    = 
  CONFIG_COMMANDS = 
  $ ./config.status 

on yosef

config.status:795: creating Makefile
config.status:795: creating tools/Makefile
config.status:795: creating include/config.h

## ---------------- ##
## Cache variables. ##
## ---------------- ##

ac_cv_c_compiler_gnu=yes
ac_cv_env_CC_set=set
ac_cv_env_CC_value=/usr/bin/clang
ac_cv_env_CFLAGS_set=
ac_cv_env_CFLAGS_value=
ac_cv_env_CPPFLAGS_set=
ac_cv_env_CPPFLAGS_value=
ac_cv_env_LDFLAGS_set=
ac_cv_env_LDFLAGS_value=
ac_cv_env_LIBS_set=
ac_cv_env_LIBS_value=
ac_cv_env_build_alias_set=
ac_cv_env_build_alias_value=
ac_cv_env_host_alias_set=
ac_cv_env_host_alias_value=
ac_cv_env_target_alias_set=
ac_cv_env_target_alias_value=
ac_cv_lib_cap_cap_get_proc=no
ac_cv_lib_pcap_pcap_open_live=no
ac_cv_lib_pcap_pcap_set_immediate_mode=no
ac_cv_objext=o
ac_cv_prog_ac_ct_CC=gcc
ac_cv_prog_cc_c89=
ac_cv_prog_cc_g=yes

## ----------------- ##
## Output variables. ##
## ----------------- ##

ADDITIONAL_TOOLS=''
AR='ar'
CC='gcc'
CFLAGS='-g -O2'
CPPFLAGS=''
DEFS='-DHAVE_CONFIG_H'
ECHO_C=''
ECHO_N='-n'
ECHO_T=''
EXEEXT=''
GIT_COMMITS='912'
GIT_RELEASE='2.9.0.r912.667b7df'
GIT_REVISION='667b7df'
LDFLAGS=''
LIBOBJS=''
LIBS=''
LTLIBOBJS=''
N2N_DEFINES=''
N2N_LIBS=''
N2N_MAJOR=''
N2N_MINOR=''
N2N_PATCH=''
N2N_VERSION_SHORT='2.9.0'
OBJEXT='o'
PACKAGE_BUGREPORT=''
PACKAGE_NAME='edge'
PACKAGE_STRING='edge 2.9.0'
PACKAGE_TARNAME='edge'
PACKAGE_URL=''
PACKAGE_VERSION='2.9.0'
PATH_SEPARATOR=':'
SHELL='/bin/bash'
ac_ct_CC='gcc'
bindir='${exec_prefix}/bin'
build_alias=''
datadir='${datarootdir}'
datarootdir='${prefix}/share'
docdir='${datarootdir}/doc/${PACKAGE_TARNAME}'
dvidir='${docdir}'
exec_prefix='${prefix}'
host_alias=''
htmldir='${docdir}'
includedir='${prefix}/include'
infodir='${datarootdir}/info'
libdir='${exec_prefix}/lib'
libexecdir='${exec_prefix}/libexec'
localedir='${datarootdir}/locale'
localstatedir='${prefix}/var'
mandir='${datarootdir}/man'
oldincludedir='/usr/include'
pdfdir='${docdir}'
prefix='/usr/local'
program_transform_name='s,x,x,'
psdir='${docdir}'
runstatedir='${localstatedir}/run'
sbindir='${exec_prefix}/sbin'
sharedstatedir='${prefix}/com'
sysconfdir='${prefix}/etc'
target_alias=''

## ----------- ##
## confdefs.h. ##
## ----------- ##

/* confdefs.h */
#define PACKAGE_NAME "edge"
#define PACKAGE_TARNAME "edge"
#define PACKAGE_VERSION "2.9.0"
#define PACKAGE_STRING "edge 2.9.0"
#define PACKAGE_BUGREPORT ""
#define PACKAGE_URL ""
#define PACKAGE_OSNAME "Debian 10.9"
#define GIT_RELEASE "2.9.0.r912.667b7df"

configure: exit 0
